\BOOKMARK [0][-]{chapter*.4}{\376\377\000G\000e\000n\000e\000r\000a\000l\000\040\000I\000n\000t\000r\000o\000d\000u\000c\000t\000i\000o\000n}{}% 1
\BOOKMARK [0][-]{chapter.1}{\376\377\000G\000e\000n\000e\000r\000a\000l\000\040\000P\000r\000e\000s\000e\000n\000t\000a\000t\000i\000o\000n\000\040\000o\000f\000\040\000t\000h\000e\000\040\000P\000r\000o\000j\000e\000c\000t}{}% 2
\BOOKMARK [1][-]{section.1.1}{\376\377\000I\000n\000t\000r\000o\000d\000u\000c\000t\000i\000o\000n}{chapter.1}% 3
\BOOKMARK [1][-]{section.1.2}{\376\377\000H\000o\000s\000t\000\040\000O\000r\000g\000a\000n\000i\000z\000a\000t\000i\000o\000n}{chapter.1}% 4
\BOOKMARK [2][-]{subsection.1.2.1}{\376\377\000C\000o\000m\000p\000a\000n\000y\000\040\000P\000r\000e\000s\000e\000n\000t\000a\000t\000i\000o\000n}{section.1.2}% 5
\BOOKMARK [2][-]{subsection.1.2.2}{\376\377\000C\000o\000r\000e\000\040\000A\000c\000t\000i\000v\000i\000t\000i\000e\000s}{section.1.2}% 6
\BOOKMARK [1][-]{section.1.3}{\376\377\000P\000r\000e\000l\000i\000m\000i\000n\000a\000r\000y\000\040\000S\000t\000u\000d\000y}{chapter.1}% 7
\BOOKMARK [2][-]{subsection.1.3.1}{\376\377\000I\000n\000d\000u\000s\000t\000r\000i\000a\000l\000\040\000C\000o\000n\000t\000e\000x\000t}{section.1.3}% 8
\BOOKMARK [2][-]{subsection.1.3.2}{\376\377\000P\000r\000o\000b\000l\000e\000m\000\040\000S\000t\000a\000t\000e\000m\000e\000n\000t}{section.1.3}% 9
\BOOKMARK [2][-]{subsection.1.3.3}{\376\377\000A\000n\000a\000l\000y\000s\000i\000s\000\040\000o\000f\000\040\000E\000x\000i\000s\000t\000i\000n\000g\000\040\000S\000o\000l\000u\000t\000i\000o\000n\000s}{section.1.3}% 10
\BOOKMARK [1][-]{section.1.4}{\376\377\000A\000d\000o\000p\000t\000e\000d\000\040\000S\000o\000f\000t\000w\000a\000r\000e\000\040\000D\000e\000v\000e\000l\000o\000p\000m\000e\000n\000t\000\040\000M\000e\000t\000h\000o\000d\000o\000l\000o\000g\000y}{chapter.1}% 11
\BOOKMARK [2][-]{subsection.1.4.1}{\376\377\000M\000e\000t\000h\000o\000d\000o\000l\000o\000g\000i\000c\000a\000l\000\040\000R\000a\000t\000i\000o\000n\000a\000l\000e}{section.1.4}% 12
\BOOKMARK [2][-]{subsection.1.4.2}{\376\377\000T\000h\000e\000\040\000S\000c\000r\000u\000m\000\040\000F\000r\000a\000m\000e\000w\000o\000r\000k}{section.1.4}% 13
\BOOKMARK [2][-]{subsection.1.4.3}{\376\377\000P\000r\000o\000j\000e\000c\000t\000\040\000R\000o\000l\000e\000s\000\040\000a\000n\000d\000\040\000M\000a\000p\000p\000i\000n\000g}{section.1.4}% 14
\BOOKMARK [2][-]{subsection.1.4.4}{\376\377\000S\000c\000r\000u\000m\000\040\000E\000v\000e\000n\000t\000s\000\040\000a\000n\000d\000\040\000A\000r\000t\000i\000f\000a\000c\000t\000s}{section.1.4}% 15
\BOOKMARK [1][-]{section.1.5}{\376\377\000U\000M\000L\000\040\000M\000o\000d\000e\000l\000i\000n\000g\000\040\000A\000p\000p\000r\000o\000a\000c\000h}{chapter.1}% 16
\BOOKMARK [1][-]{section.1.6}{\376\377\000C\000o\000n\000c\000l\000u\000s\000i\000o\000n}{chapter.1}% 17
\BOOKMARK [0][-]{chapter.2}{\376\377\000A\000r\000c\000h\000i\000t\000e\000c\000t\000u\000r\000e\000,\000\040\000T\000o\000o\000l\000s\000\040\000a\000n\000d\000\040\000D\000e\000v\000e\000l\000o\000p\000m\000e\000n\000t\000\040\000E\000n\000v\000i\000r\000o\000n\000m\000e\000n\000t}{}% 18
\BOOKMARK [1][-]{section.2.1}{\376\377\000I\000n\000t\000r\000o\000d\000u\000c\000t\000i\000o\000n}{chapter.2}% 19
\BOOKMARK [1][-]{section.2.2}{\376\377\000R\000e\000q\000u\000i\000r\000e\000m\000e\000n\000t\000s\000\040\000C\000a\000p\000t\000u\000r\000e}{chapter.2}% 20
\BOOKMARK [2][-]{subsection.2.2.1}{\376\377\000A\000c\000t\000o\000r\000s\000\040\000I\000d\000e\000n\000t\000i\000f\000i\000c\000a\000t\000i\000o\000n}{section.2.2}% 21
\BOOKMARK [2][-]{subsection.2.2.2}{\376\377\000F\000u\000n\000c\000t\000i\000o\000n\000a\000l\000\040\000R\000e\000q\000u\000i\000r\000e\000m\000e\000n\000t\000s}{section.2.2}% 22
\BOOKMARK [2][-]{subsection.2.2.3}{\376\377\000N\000o\000n\000-\000F\000u\000n\000c\000t\000i\000o\000n\000a\000l\000\040\000R\000e\000q\000u\000i\000r\000e\000m\000e\000n\000t\000s}{section.2.2}% 23
\BOOKMARK [2][-]{subsection.2.2.4}{\376\377\000P\000r\000o\000d\000u\000c\000t\000\040\000B\000a\000c\000k\000l\000o\000g}{section.2.2}% 24
\BOOKMARK [1][-]{section.2.3}{\376\377\000D\000i\000a\000g\000r\000a\000m\000s}{chapter.2}% 25
\BOOKMARK [2][-]{subsection.2.3.1}{\376\377\000G\000l\000o\000b\000a\000l\000\040\000U\000s\000e\000\040\000C\000a\000s\000e\000\040\000D\000i\000a\000g\000r\000a\000m}{section.2.3}% 26
\BOOKMARK [2][-]{subsection.2.3.2}{\376\377\000G\000l\000o\000b\000a\000l\000\040\000C\000l\000a\000s\000s\000\040\000D\000i\000a\000g\000r\000a\000m}{section.2.3}% 27
\BOOKMARK [2][-]{subsection.2.3.3}{\376\377\000A\000p\000p\000l\000i\000c\000a\000t\000i\000o\000n\000\040\000A\000r\000c\000h\000i\000t\000e\000c\000t\000u\000r\000e}{section.2.3}% 28
\BOOKMARK [1][-]{section.2.4}{\376\377\000T\000o\000o\000l\000s\000\040\000a\000n\000d\000\040\000D\000e\000v\000e\000l\000o\000p\000m\000e\000n\000t\000\040\000E\000n\000v\000i\000r\000o\000n\000m\000e\000n\000t}{chapter.2}% 29
\BOOKMARK [2][-]{subsection.2.4.1}{\376\377\000H\000a\000r\000d\000w\000a\000r\000e\000\040\000E\000n\000v\000i\000r\000o\000n\000m\000e\000n\000t}{section.2.4}% 30
\BOOKMARK [2][-]{subsection.2.4.2}{\376\377\000T\000e\000c\000h\000n\000i\000c\000a\000l\000\040\000E\000n\000v\000i\000r\000o\000n\000m\000e\000n\000t}{section.2.4}% 31
\BOOKMARK [1][-]{section.2.5}{\376\377\000C\000o\000n\000c\000l\000u\000s\000i\000o\000n}{chapter.2}% 32
\BOOKMARK [0][-]{chapter.3}{\376\377\000R\000e\000l\000e\000a\000s\000e\000\040\0001\000\040\000:\000\040\000A\000u\000t\000h\000e\000n\000t\000i\000c\000a\000t\000i\000o\000n\000\040\000a\000n\000d\000\040\000U\000s\000e\000r\000\040\000M\000a\000n\000a\000g\000e\000m\000e\000n\000t}{}% 33
\BOOKMARK [1][-]{section.3.1}{\376\377\000I\000n\000t\000r\000o\000d\000u\000c\000t\000i\000o\000n}{chapter.3}% 34
\BOOKMARK [1][-]{section.3.2}{\376\377\000S\000p\000r\000i\000n\000t\000\040\000B\000a\000c\000k\000l\000o\000g\000\040\040\023\000\040\000A\000u\000t\000h\000e\000n\000t\000i\000c\000a\000t\000i\000o\000n\000\040\000a\000n\000d\000\040\000U\000s\000e\000r\000\040\000M\000a\000n\000a\000g\000e\000m\000e\000n\000t}{chapter.3}% 35
\BOOKMARK [1][-]{section.3.3}{\376\377\000R\000e\000f\000i\000n\000e\000m\000e\000n\000t\000\040\000o\000f\000\040\000U\000s\000e\000\040\000C\000a\000s\000e\000s}{chapter.3}% 36
\BOOKMARK [2][-]{subsection.3.3.1}{\376\377\000R\000e\000f\000i\000n\000e\000m\000e\000n\000t\000\040\000o\000f\000\040\000S\000p\000r\000i\000n\000t\000\040\0001\000\040\000U\000s\000e\000\040\000C\000a\000s\000e\000s}{section.3.3}% 37
\BOOKMARK [2][-]{subsection.3.3.2}{\376\377\000C\000l\000a\000s\000s\000\040\000D\000i\000a\000g\000r\000a\000m}{section.3.3}% 38
\BOOKMARK [2][-]{subsection.3.3.3}{\376\377\000S\000e\000q\000u\000e\000n\000c\000e\000\040\000D\000i\000a\000g\000r\000a\000m\000s}{section.3.3}% 39
\BOOKMARK [1][-]{section.3.4}{\376\377\000U\000s\000e\000r\000\040\000I\000n\000t\000e\000r\000f\000a\000c\000e\000\040\000O\000v\000e\000r\000v\000i\000e\000w}{chapter.3}% 40
\BOOKMARK [2][-]{subsection.3.4.1}{\376\377\000W\000e\000b\000\040\000A\000p\000p\000l\000i\000c\000a\000t\000i\000o\000n\000\040\000I\000n\000t\000e\000r\000f\000a\000c\000e\000s}{section.3.4}% 41
\BOOKMARK [2][-]{subsection.3.4.2}{\376\377\000M\000o\000b\000i\000l\000e\000\040\000A\000p\000p\000l\000i\000c\000a\000t\000i\000o\000n\000\040\000I\000n\000t\000e\000r\000f\000a\000c\000e\000s}{section.3.4}% 42
\BOOKMARK [1][-]{section.3.5}{\376\377\000C\000o\000n\000c\000l\000u\000s\000i\000o\000n}{chapter.3}% 43
\BOOKMARK [0][-]{chapter.4}{\376\377\000R\000e\000l\000e\000a\000s\000e\000\040\0002\000\040\000:\000\040\000P\000r\000o\000d\000u\000c\000t\000\040\000M\000a\000n\000a\000g\000e\000m\000e\000n\000t\000,\000\040\000G\000u\000i\000d\000e\000s\000,\000\040\000a\000n\000d\000\040\000C\000o\000n\000t\000e\000n\000t\000\040\000a\000p\000p\000r\000o\000v\000a\000l}{}% 44
\BOOKMARK [1][-]{section.4.1}{\376\377\000I\000n\000t\000r\000o\000d\000u\000c\000t\000i\000o\000n}{chapter.4}% 45
\BOOKMARK [1][-]{section.4.2}{\376\377\000S\000p\000r\000i\000n\000t\000\040\000B\000a\000c\000k\000l\000o\000g\000\040\040\023\000\040\000C\000o\000n\000t\000e\000n\000t\000\040\000a\000n\000d\000\040\000C\000a\000t\000a\000l\000o\000g\000\040\000M\000a\000n\000a\000g\000e\000m\000e\000n\000t}{chapter.4}% 46
\BOOKMARK [1][-]{section.4.3}{\376\377\000R\000e\000f\000i\000n\000e\000m\000e\000n\000t\000\040\000o\000f\000\040\000U\000s\000e\000\040\000C\000a\000s\000e\000s}{chapter.4}% 47
\BOOKMARK [2][-]{subsection.4.3.1}{\376\377\000R\000e\000f\000i\000n\000e\000m\000e\000n\000t\000\040\000o\000f\000\040\000S\000p\000r\000i\000n\000t\000\040\0002\000\040\000U\000s\000e\000\040\000C\000a\000s\000e\000s}{section.4.3}% 48
\BOOKMARK [2][-]{subsection.4.3.2}{\376\377\000C\000l\000a\000s\000s\000\040\000D\000i\000a\000g\000r\000a\000m}{section.4.3}% 49
\BOOKMARK [2][-]{subsection.4.3.3}{\376\377\000S\000e\000q\000u\000e\000n\000c\000e\000\040\000D\000i\000a\000g\000r\000a\000m\000s}{section.4.3}% 50
\BOOKMARK [1][-]{section.4.4}{\376\377\000U\000s\000e\000r\000\040\000I\000n\000t\000e\000r\000f\000a\000c\000e\000\040\000O\000v\000e\000r\000v\000i\000e\000w}{chapter.4}% 51
\BOOKMARK [2][-]{subsection.4.4.1}{\376\377\000W\000e\000b\000\040\000I\000n\000t\000e\000r\000f\000a\000c\000e\000s}{section.4.4}% 52
\BOOKMARK [2][-]{subsection.4.4.2}{\376\377\000M\000o\000b\000i\000l\000e\000\040\000A\000p\000p\000l\000i\000c\000a\000t\000i\000o\000n\000\040\000I\000n\000t\000e\000r\000f\000a\000c\000e\000s}{section.4.4}% 53
\BOOKMARK [1][-]{section.4.5}{\376\377\000C\000o\000n\000c\000l\000u\000s\000i\000o\000n}{chapter.4}% 54
\BOOKMARK [0][-]{chapter.5}{\376\377\000R\000e\000l\000e\000a\000s\000e\000\040\0003\000\040\000:\000\040\000U\000s\000e\000r\000\040\000I\000n\000t\000e\000r\000a\000c\000t\000i\000o\000n\000s\000,\000\040\000F\000e\000e\000d\000b\000a\000c\000k\000\040\000\046\000\040\000P\000l\000a\000t\000f\000o\000r\000m\000\040\000M\000o\000n\000i\000t\000o\000r\000i\000n\000g}{}% 55
\BOOKMARK [1][-]{section.5.1}{\376\377\000I\000n\000t\000r\000o\000d\000u\000c\000t\000i\000o\000n}{chapter.5}% 56
\BOOKMARK [1][-]{section.5.2}{\376\377\000S\000p\000r\000i\000n\000t\000\040\000B\000a\000c\000k\000l\000o\000g\000\040\040\023\000\040\000U\000s\000e\000r\000\040\000I\000n\000t\000e\000r\000a\000c\000t\000i\000o\000n\000s\000\040\000a\000n\000d\000\040\000M\000o\000n\000i\000t\000o\000r\000i\000n\000g}{chapter.5}% 57
\BOOKMARK [1][-]{section.5.3}{\376\377\000R\000e\000f\000i\000n\000e\000m\000e\000n\000t\000\040\000o\000f\000\040\000U\000s\000e\000\040\000C\000a\000s\000e\000s}{chapter.5}% 58
\BOOKMARK [2][-]{subsection.5.3.1}{\376\377\000R\000e\000f\000i\000n\000e\000m\000e\000n\000t\000\040\000o\000f\000\040\000S\000p\000r\000i\000n\000t\000\040\0003\000\040\000U\000s\000e\000\040\000C\000a\000s\000e\000s}{section.5.3}% 59
\BOOKMARK [2][-]{subsection.5.3.2}{\376\377\000C\000l\000a\000s\000s\000\040\000D\000i\000a\000g\000r\000a\000m}{section.5.3}% 60
\BOOKMARK [2][-]{subsection.5.3.3}{\376\377\000S\000e\000q\000u\000e\000n\000c\000e\000\040\000D\000i\000a\000g\000r\000a\000m\000s}{section.5.3}% 61
\BOOKMARK [1][-]{section.5.4}{\376\377\000U\000s\000e\000r\000\040\000I\000n\000t\000e\000r\000f\000a\000c\000e\000\040\000O\000v\000e\000r\000v\000i\000e\000w}{chapter.5}% 62
\BOOKMARK [2][-]{subsection.5.4.1}{\376\377\000W\000e\000b\000\040\000I\000n\000t\000e\000r\000f\000a\000c\000e\000s}{section.5.4}% 63
\BOOKMARK [2][-]{subsection.5.4.2}{\376\377\000M\000o\000b\000i\000l\000e\000\040\000I\000n\000t\000e\000r\000f\000a\000c\000e\000s}{section.5.4}% 64
\BOOKMARK [1][-]{section.5.5}{\376\377\000C\000o\000n\000c\000l\000u\000s\000i\000o\000n}{chapter.5}% 65
\BOOKMARK [0][-]{chapter.6}{\376\377\000R\000e\000l\000e\000a\000s\000e\000\040\0004\000\040\000:\000\040\000H\000y\000b\000r\000i\000d\000\040\000I\000n\000t\000e\000l\000l\000i\000g\000e\000n\000c\000e\000\040\000L\000a\000y\000e\000r\000,\000\040\000S\000e\000m\000a\000n\000t\000i\000c\000\040\000S\000e\000a\000r\000c\000h\000\040\000\046\000\040\000A\000I\000\040\000M\000o\000d\000e\000r\000a\000t\000i\000o\000n}{}% 66
\BOOKMARK [1][-]{section.6.1}{\376\377\000I\000n\000t\000r\000o\000d\000u\000c\000t\000i\000o\000n}{chapter.6}% 67
\BOOKMARK [1][-]{section.6.2}{\376\377\000S\000p\000r\000i\000n\000t\000\040\000B\000a\000c\000k\000l\000o\000g\000\040\040\023\000\040\000I\000n\000t\000e\000l\000l\000i\000g\000e\000n\000t\000\040\000S\000e\000r\000v\000i\000c\000e\000s}{chapter.6}% 68
\BOOKMARK [1][-]{section.6.3}{\376\377\000C\000o\000m\000p\000a\000r\000a\000t\000i\000v\000e\000\040\000S\000t\000u\000d\000y\000\040\000o\000f\000\040\000A\000I\000\040\000M\000o\000d\000e\000l\000s}{chapter.6}% 69
\BOOKMARK [2][-]{subsection.6.3.1}{\376\377\000S\000e\000l\000e\000c\000t\000i\000o\000n\000\040\000C\000r\000i\000t\000e\000r\000i\000a}{section.6.3}% 70
\BOOKMARK [2][-]{subsection.6.3.2}{\376\377\000E\000v\000a\000l\000u\000a\000t\000e\000d\000\040\000M\000o\000d\000e\000l\000s}{section.6.3}% 71
\BOOKMARK [2][-]{subsection.6.3.3}{\376\377\000F\000i\000n\000a\000l\000\040\000C\000h\000o\000i\000c\000e\000\040\000a\000n\000d\000\040\000P\000e\000r\000f\000o\000r\000m\000a\000n\000c\000e\000\040\000C\000a\000l\000c\000u\000l\000a\000t\000i\000o\000n\000s}{section.6.3}% 72
\BOOKMARK [1][-]{section.6.4}{\376\377\000R\000A\000G\000\040\000A\000r\000c\000h\000i\000t\000e\000c\000t\000u\000r\000e\000\040\000a\000n\000d\000\040\000S\000y\000s\000t\000e\000m\000\040\000I\000n\000t\000e\000g\000r\000a\000t\000i\000o\000n}{chapter.6}% 73
\BOOKMARK [2][-]{subsection.6.4.1}{\376\377\000S\000e\000m\000a\000n\000t\000i\000c\000\040\000S\000e\000a\000r\000c\000h\000\040\000\046\000\040\000R\000A\000G\000-\000B\000a\000s\000e\000d\000\040\000T\000r\000o\000u\000b\000l\000e\000s\000h\000o\000o\000t\000i\000n\000g}{section.6.4}% 74
\BOOKMARK [2][-]{subsection.6.4.2}{\376\377\000A\000r\000c\000h\000i\000t\000e\000c\000t\000u\000r\000e\000\040\000W\000i\000t\000h\000o\000u\000t\000\040\000R\000A\000G\000\040\000\050\000K\000e\000y\000w\000o\000r\000d\000-\000B\000a\000s\000e\000d\000\040\000A\000p\000p\000r\000o\000a\000c\000h\000\051}{section.6.4}% 75
\BOOKMARK [2][-]{subsection.6.4.3}{\376\377\000A\000r\000c\000h\000i\000t\000e\000c\000t\000u\000r\000e\000\040\000W\000i\000t\000h\000\040\000R\000A\000G\000\040\000\050\000S\000e\000m\000a\000n\000t\000i\000c\000\040\000S\000e\000a\000r\000c\000h\000\040\000A\000p\000p\000r\000o\000a\000c\000h\000\051}{section.6.4}% 76
\BOOKMARK [2][-]{subsection.6.4.4}{\376\377\000H\000y\000b\000r\000i\000d\000\040\000C\000o\000m\000p\000a\000t\000i\000b\000i\000l\000i\000t\000y\000\040\000\046\000\040\000P\000a\000r\000t\000s\000\040\000R\000e\000c\000o\000m\000m\000e\000n\000d\000a\000t\000i\000o\000n}{section.6.4}% 77
\BOOKMARK [2][-]{subsection.6.4.5}{\376\377\000C\000o\000m\000p\000a\000r\000i\000s\000o\000n\000\040\000o\000f\000\040\000A\000p\000p\000r\000o\000a\000c\000h\000e\000s\000:\000\040\000W\000i\000t\000h\000o\000u\000t\000\040\000R\000A\000G\000\040\000v\000s\000\040\000W\000i\000t\000h\000\040\000R\000A\000G}{section.6.4}% 78
\BOOKMARK [2][-]{subsection.6.4.6}{\376\377\000P\000e\000r\000f\000o\000r\000m\000a\000n\000c\000e\000\040\000E\000v\000a\000l\000u\000a\000t\000i\000o\000n\000:\000\040\000K\000e\000y\000w\000o\000r\000d\000\040\000S\000e\000a\000r\000c\000h\000\040\000v\000s\000\040\000R\000A\000G}{section.6.4}% 79
\BOOKMARK [1][-]{section.6.5}{\376\377\000T\000e\000c\000h\000n\000i\000c\000a\000l\000\040\000I\000m\000p\000l\000e\000m\000e\000n\000t\000a\000t\000i\000o\000n}{chapter.6}% 80
\BOOKMARK [2][-]{subsection.6.5.1}{\376\377\000G\000e\000m\000i\000n\000i\000\040\000A\000P\000I\000\040\000I\000n\000t\000e\000g\000r\000a\000t\000i\000o\000n\000\040\000a\000n\000d\000\040\000D\000e\000p\000l\000o\000y\000m\000e\000n\000t}{section.6.5}% 81
\BOOKMARK [2][-]{subsection.6.5.2}{\376\377\000B\000a\000c\000k\000e\000n\000d\000\040\000A\000P\000I\000\040\000S\000e\000r\000v\000i\000c\000e\000s\000\040\000D\000e\000v\000e\000l\000o\000p\000m\000e\000n\000t}{section.6.5}% 82
\BOOKMARK [2][-]{subsection.6.5.3}{\376\377\000D\000o\000c\000u\000m\000e\000n\000t\000\040\000I\000n\000d\000e\000x\000i\000n\000g\000\040\000\046\000\040\000V\000e\000c\000t\000o\000r\000\040\000D\000a\000t\000a\000b\000a\000s\000e\000\040\000S\000t\000o\000r\000a\000g\000e}{section.6.5}% 83
\BOOKMARK [2][-]{subsection.6.5.4}{\376\377\000R\000e\000f\000i\000n\000e\000m\000e\000n\000t\000\040\000o\000f\000\040\000U\000s\000e\000\040\000C\000a\000s\000e\000s}{section.6.5}% 84
\BOOKMARK [2][-]{subsection.6.5.5}{\376\377\000S\000e\000q\000u\000e\000n\000c\000e\000\040\000D\000i\000a\000g\000r\000a\000m\000s}{section.6.5}% 85
\BOOKMARK [2][-]{subsection.6.5.6}{\376\377\000U\000s\000e\000r\000\040\000I\000n\000t\000e\000r\000f\000a\000c\000e\000s\000\040\000O\000v\000e\000r\000v\000i\000e\000w}{section.6.5}% 86
\BOOKMARK [2][-]{subsection.6.5.7}{\376\377\000T\000e\000c\000h\000n\000i\000c\000a\000l\000\040\000C\000h\000a\000l\000l\000e\000n\000g\000e\000s\000\040\000a\000n\000d\000\040\000S\000o\000l\000u\000t\000i\000o\000n\000s}{section.6.5}% 87
\BOOKMARK [1][-]{section.6.6}{\376\377\000C\000o\000n\000c\000l\000u\000s\000i\000o\000n}{chapter.6}% 88
\BOOKMARK [0][-]{chapter.7}{\376\377\000R\000e\000l\000e\000a\000s\000e\000\040\0005\000\040\000:\000\040\000M\000a\000i\000n\000t\000e\000n\000a\000n\000c\000e\000\040\000R\000e\000q\000u\000e\000s\000t\000s\000\040\000\046\000\040\000T\000e\000c\000h\000n\000i\000c\000i\000a\000n\000\040\000W\000o\000r\000k\000f\000l\000o\000w}{}% 89
\BOOKMARK [1][-]{section.7.1}{\376\377\000I\000n\000t\000r\000o\000d\000u\000c\000t\000i\000o\000n}{chapter.7}% 90
\BOOKMARK [1][-]{section.7.2}{\376\377\000S\000p\000r\000i\000n\000t\000\040\000B\000a\000c\000k\000l\000o\000g\000\040\040\023\000\040\000M\000a\000i\000n\000t\000e\000n\000a\000n\000c\000e\000\040\000\046\000\040\000T\000e\000c\000h\000n\000i\000c\000i\000a\000n}{chapter.7}% 91
\BOOKMARK [1][-]{section.7.3}{\376\377\000R\000e\000f\000i\000n\000e\000m\000e\000n\000t\000\040\000o\000f\000\040\000U\000s\000e\000\040\000C\000a\000s\000e\000s}{chapter.7}% 92
\BOOKMARK [2][-]{subsection.7.3.1}{\376\377\000S\000p\000r\000i\000n\000t\000\040\0005\000\040\000U\000s\000e\000\040\000C\000a\000s\000e\000\040\000D\000i\000a\000g\000r\000a\000m\000s\000\040\000a\000n\000d\000\040\000T\000e\000x\000t\000u\000a\000l\000\040\000D\000e\000s\000c\000r\000i\000p\000t\000i\000o\000n\000s}{section.7.3}% 93
\BOOKMARK [2][-]{subsection.7.3.2}{\376\377\000C\000l\000a\000s\000s\000\040\000D\000i\000a\000g\000r\000a\000m}{section.7.3}% 94
\BOOKMARK [2][-]{subsection.7.3.3}{\376\377\000S\000e\000q\000u\000e\000n\000c\000e\000\040\000D\000i\000a\000g\000r\000a\000m\000s}{section.7.3}% 95
\BOOKMARK [1][-]{section.7.4}{\376\377\000U\000s\000e\000r\000\040\000I\000n\000t\000e\000r\000f\000a\000c\000e\000\040\000O\000v\000e\000r\000v\000i\000e\000w}{chapter.7}% 96
\BOOKMARK [2][-]{subsection.7.4.1}{\376\377\000W\000e\000b\000\040\000I\000n\000t\000e\000r\000f\000a\000c\000e\000s}{section.7.4}% 97
\BOOKMARK [2][-]{subsection.7.4.2}{\376\377\000M\000o\000b\000i\000l\000e\000\040\000I\000n\000t\000e\000r\000f\000a\000c\000e\000s}{section.7.4}% 98
\BOOKMARK [1][-]{section.7.5}{\376\377\000C\000o\000n\000c\000l\000u\000s\000i\000o\000n}{chapter.7}% 99
\BOOKMARK [0][-]{chapter*.122}{\376\377\000G\000e\000n\000e\000r\000a\000l\000\040\000C\000o\000n\000c\000l\000u\000s\000i\000o\000n\000\040\000a\000n\000d\000\040\000P\000e\000r\000s\000p\000e\000c\000t\000i\000v\000e\000s}{}% 100
\BOOKMARK [0][-]{chapter*.123}{\376\377\000W\000e\000b\000o\000g\000r\000a\000p\000h\000y}{}% 101
